[2024-05-21 11:29:22.446] [error] InverseKinematicsTool Failed: No model filename was provided.
	In Object 'OMC' of type InverseKinematicsTool.
	Thrown at InverseKinematicsTool.cpp:112 in run().
[2024-05-21 11:31:53.284] [info] Loaded model Right-scaled from file C:/Users/r03mm22/Documents/Protocol_Testing/2024 Data Collection/P1/OMC/das3_scaled_and_placed.osim
[2024-05-21 11:31:53.294] [warning] Couldn't find file 'ground_ribs.vtp'.
[2024-05-21 11:31:53.294] [warning] Couldn't find file 'ground_spine.vtp'.
[2024-05-21 11:31:53.294] [warning] Couldn't find file 'ground_skull.vtp'.
[2024-05-21 11:31:53.294] [warning] Couldn't find file 'ground_jaw.vtp'.
[2024-05-21 11:31:53.294] [warning] Couldn't find file 'rclavicle.vtp'.
[2024-05-21 11:31:53.295] [warning] Couldn't find file 'rscapula.vtp'.
[2024-05-21 11:31:53.295] [warning] Couldn't find file 'rhumerus.vtp'.
[2024-05-21 11:31:53.295] [warning] Couldn't find file 'rulna.vtp'.
[2024-05-21 11:31:53.296] [warning] Couldn't find file 'rradius.vtp'.
[2024-05-21 11:31:53.296] [warning] Couldn't find file 'r_hand.vtp'.
[2024-05-21 11:31:53.300] [cout] [info] 
               MODEL: Right-scaled
         coordinates: 17
              forces: 137
           actuators: 137
             muscles: 137
            analyses: 0
              probes: 1
              bodies: 13
              joints: 13
         constraints: 0
             markers: 23
         controllers: 0
  contact geometries: 0
misc modelcomponents: 0
[2024-05-21 11:31:53.300] [info] Running tool OMC.
[2024-05-21 11:31:53.419] [info] Frame 0 (t = 0.0):	 total squared error = 6.09289e-05, marker error: RMS = 0.00260190, max = 0.00440944 (US)
[2024-05-21 11:31:53.420] [info] Frame 1 (t = 0.01):	 total squared error = 6.10978e-05, marker error: RMS = 0.00260550, max = 0.00442793 (US)
[2024-05-21 11:31:53.420] [info] Frame 2 (t = 0.02):	 total squared error = 6.13344e-05, marker error: RMS = 0.00261054, max = 0.00444841 (US)
[2024-05-21 11:31:53.420] [info] Frame 3 (t = 0.03):	 total squared error = 6.16249e-05, marker error: RMS = 0.00261672, max = 0.00446589 (US)
[2024-05-21 11:31:53.420] [info] Frame 4 (t = 0.04):	 total squared error = 6.19386e-05, marker error: RMS = 0.00262337, max = 0.00447624 (US)
[2024-05-21 11:31:53.421] [info] Frame 5 (t = 0.05):	 total squared error = 6.21618e-05, marker error: RMS = 0.00262809, max = 0.00446401 (US)
[2024-05-21 11:31:53.421] [info] Frame 6 (t = 0.06):	 total squared error = 6.25199e-05, marker error: RMS = 0.00263565, max = 0.00448378 (US)
[2024-05-21 11:31:53.421] [info] Frame 7 (t = 0.07):	 total squared error = 6.29997e-05, marker error: RMS = 0.00264574, max = 0.00449540 (US)
[2024-05-21 11:31:53.422] [info] Frame 8 (t = 0.08):	 total squared error = 6.20066e-05, marker error: RMS = 0.00262481, max = 0.00438665 (US)
[2024-05-21 11:31:53.422] [info] Frame 9 (t = 0.09):	 total squared error = 6.21619e-05, marker error: RMS = 0.00262809, max = 0.00439836 (US)
[2024-05-21 11:31:53.423] [info] Frame 10 (t = 0.1):	 total squared error = 6.24077e-05, marker error: RMS = 0.00263329, max = 0.00441159 (US)
[2024-05-21 11:31:53.423] [info] Frame 11 (t = 0.11):	 total squared error = 6.2493e-05, marker error: RMS = 0.00263508, max = 0.00440371 (US)
[2024-05-21 11:31:53.423] [info] Frame 12 (t = 0.12):	 total squared error = 6.27061e-05, marker error: RMS = 0.00263957, max = 0.00441830 (US)
[2024-05-21 11:31:53.424] [info] Frame 13 (t = 0.13):	 total squared error = 6.29557e-05, marker error: RMS = 0.00264482, max = 0.00442728 (US)
[2024-05-21 11:31:53.424] [info] Frame 14 (t = 0.14):	 total squared error = 6.25401e-05, marker error: RMS = 0.00263608, max = 0.00438040 (US)
[2024-05-21 11:31:53.424] [info] Frame 15 (t = 0.15):	 total squared error = 6.25989e-05, marker error: RMS = 0.00263732, max = 0.00439910 (US)
[2024-05-21 11:31:53.425] [info] Frame 16 (t = 0.16):	 total squared error = 6.26798e-05, marker error: RMS = 0.00263902, max = 0.00440816 (US)
[2024-05-21 11:31:53.425] [info] Frame 17 (t = 0.17):	 total squared error = 6.26e-05, marker error: RMS = 0.00263734, max = 0.00440491 (US)
[2024-05-21 11:31:53.425] [info] Frame 18 (t = 0.18):	 total squared error = 6.26556e-05, marker error: RMS = 0.00263851, max = 0.00442991 (US)
[2024-05-21 11:31:53.426] [info] Frame 19 (t = 0.19):	 total squared error = 6.27573e-05, marker error: RMS = 0.00264065, max = 0.00444747 (US)
[2024-05-21 11:31:53.426] [info] Frame 20 (t = 0.2):	 total squared error = 6.26906e-05, marker error: RMS = 0.00263925, max = 0.00443268 (US)
[2024-05-21 11:31:53.426] [info] Frame 21 (t = 0.21):	 total squared error = 6.2796e-05, marker error: RMS = 0.00264146, max = 0.00446941 (US)
[2024-05-21 11:31:53.427] [info] Frame 22 (t = 0.22):	 total squared error = 6.2994e-05, marker error: RMS = 0.00264563, max = 0.00449819 (US)
[2024-05-21 11:31:53.427] [info] Frame 23 (t = 0.23):	 total squared error = 6.30587e-05, marker error: RMS = 0.00264698, max = 0.00436812 (US)
[2024-05-21 11:31:53.427] [info] Frame 24 (t = 0.24):	 total squared error = 6.31858e-05, marker error: RMS = 0.00264965, max = 0.00451120 (US)
[2024-05-21 11:31:53.428] [info] Frame 25 (t = 0.25):	 total squared error = 6.26797e-05, marker error: RMS = 0.00263902, max = 0.00429267 (US)
[2024-05-21 11:31:53.428] [info] Frame 26 (t = 0.26):	 total squared error = 6.28884e-05, marker error: RMS = 0.00264341, max = 0.00436607 (US)
[2024-05-21 11:31:53.428] [info] Frame 27 (t = 0.27):	 total squared error = 6.32095e-05, marker error: RMS = 0.00265015, max = 0.00439994 (US)
[2024-05-21 11:31:53.429] [info] Frame 28 (t = 0.28):	 total squared error = 6.3468e-05, marker error: RMS = 0.00265556, max = 0.00441500 (US)
[2024-05-21 11:31:53.429] [info] Frame 29 (t = 0.29):	 total squared error = 6.38442e-05, marker error: RMS = 0.00266342, max = 0.00445169 (US)
[2024-05-21 11:31:53.429] [info] Frame 30 (t = 0.3):	 total squared error = 6.41405e-05, marker error: RMS = 0.00266959, max = 0.00444264 (US)
[2024-05-21 11:31:53.429] [info] Frame 31 (t = 0.31):	 total squared error = 6.4499e-05, marker error: RMS = 0.00267704, max = 0.00448350 (US)
[2024-05-21 11:31:53.430] [info] Frame 32 (t = 0.32):	 total squared error = 6.47062e-05, marker error: RMS = 0.00268134, max = 0.00445342 (US)
[2024-05-21 11:31:53.430] [info] Frame 33 (t = 0.33):	 total squared error = 6.49589e-05, marker error: RMS = 0.00268657, max = 0.00449664 (US)
[2024-05-21 11:31:53.431] [info] Frame 34 (t = 0.34):	 total squared error = 6.50144e-05, marker error: RMS = 0.00268772, max = 0.00444372 (US)
[2024-05-21 11:31:53.431] [info] Frame 35 (t = 0.35):	 total squared error = 6.50678e-05, marker error: RMS = 0.00268882, max = 0.00448895 (US)
[2024-05-21 11:31:53.431] [info] Frame 36 (t = 0.36):	 total squared error = 6.49775e-05, marker error: RMS = 0.00268695, max = 0.00441284 (US)
[2024-05-21 11:31:53.432] [info] Frame 37 (t = 0.37):	 total squared error = 6.48483e-05, marker error: RMS = 0.00268428, max = 0.00446316 (US)
[2024-05-21 11:31:53.432] [info] Frame 38 (t = 0.38):	 total squared error = 6.47159e-05, marker error: RMS = 0.00268154, max = 0.00444310 (US)
[2024-05-21 11:31:53.432] [info] Frame 39 (t = 0.39):	 total squared error = 6.44514e-05, marker error: RMS = 0.00267605, max = 0.00446663 (US)
[2024-05-21 11:31:53.432] [info] Frame 40 (t = 0.4):	 total squared error = 6.42183e-05, marker error: RMS = 0.00267121, max = 0.00442627 (US)
[2024-05-21 11:31:53.433] [info] Frame 41 (t = 0.41):	 total squared error = 6.40323e-05, marker error: RMS = 0.00266734, max = 0.00440192 (US)
[2024-05-21 11:31:53.433] [info] Frame 42 (t = 0.42):	 total squared error = 6.31689e-05, marker error: RMS = 0.00264930, max = 0.00438917 (US)
[2024-05-21 11:31:53.433] [info] Frame 43 (t = 0.43):	 total squared error = 6.28534e-05, marker error: RMS = 0.00264267, max = 0.00437348 (US)
[2024-05-21 11:31:53.434] [info] Frame 44 (t = 0.44):	 total squared error = 6.26759e-05, marker error: RMS = 0.00263894, max = 0.00436890 (US)
[2024-05-21 11:31:53.434] [info] Frame 45 (t = 0.45):	 total squared error = 6.25505e-05, marker error: RMS = 0.00263630, max = 0.00435295 (US)
[2024-05-21 11:31:53.434] [info] Frame 46 (t = 0.46):	 total squared error = 6.25638e-05, marker error: RMS = 0.00263658, max = 0.00436317 (US)
[2024-05-21 11:31:53.435] [info] Frame 47 (t = 0.47):	 total squared error = 6.24876e-05, marker error: RMS = 0.00263497, max = 0.00433092 (US)
[2024-05-21 11:31:53.435] [info] Frame 48 (t = 0.48):	 total squared error = 6.25144e-05, marker error: RMS = 0.00263553, max = 0.00437157 (US)
[2024-05-21 11:31:53.435] [info] Frame 49 (t = 0.49):	 total squared error = 6.27313e-05, marker error: RMS = 0.00264010, max = 0.00437239 (US)
[2024-05-21 11:31:53.435] [info] Frame 50 (t = 0.5):	 total squared error = 6.20178e-05, marker error: RMS = 0.00262505, max = 0.00442211 (US)
[2024-05-21 11:31:53.436] [info] Frame 51 (t = 0.51):	 total squared error = 6.21221e-05, marker error: RMS = 0.00262725, max = 0.00439395 (US)
[2024-05-21 11:31:53.436] [info] Frame 52 (t = 0.52):	 total squared error = 6.23142e-05, marker error: RMS = 0.00263131, max = 0.00440970 (US)
[2024-05-21 11:31:53.436] [info] Frame 53 (t = 0.53):	 total squared error = 6.24426e-05, marker error: RMS = 0.00263402, max = 0.00441741 (US)
[2024-05-21 11:31:53.437] [info] Frame 54 (t = 0.54):	 total squared error = 6.26321e-05, marker error: RMS = 0.00263802, max = 0.00443417 (US)
[2024-05-21 11:31:53.437] [info] Frame 55 (t = 0.55):	 total squared error = 6.28224e-05, marker error: RMS = 0.00264202, max = 0.00445249 (US)
[2024-05-21 11:31:53.437] [info] Frame 56 (t = 0.56):	 total squared error = 6.28326e-05, marker error: RMS = 0.00264223, max = 0.00442659 (US)
[2024-05-21 11:31:53.437] [info] Frame 57 (t = 0.57):	 total squared error = 6.27945e-05, marker error: RMS = 0.00264143, max = 0.00446847 (US)
[2024-05-21 11:31:53.438] [info] Frame 58 (t = 0.58):	 total squared error = 6.2751e-05, marker error: RMS = 0.00264052, max = 0.00447200 (US)
[2024-05-21 11:31:53.438] [info] Frame 59 (t = 0.59):	 total squared error = 6.21226e-05, marker error: RMS = 0.00262726, max = 0.00439607 (US)
[2024-05-21 11:31:53.438] [info] Frame 60 (t = 0.6):	 total squared error = 6.18329e-05, marker error: RMS = 0.00262113, max = 0.00437347 (US)
[2024-05-21 11:31:53.439] [info] Frame 61 (t = 0.61):	 total squared error = 6.15072e-05, marker error: RMS = 0.00261422, max = 0.00438037 (US)
[2024-05-21 11:31:53.439] [info] Frame 62 (t = 0.62):	 total squared error = 6.11779e-05, marker error: RMS = 0.00260721, max = 0.00438736 (US)
[2024-05-21 11:31:53.439] [info] Frame 63 (t = 0.63):	 total squared error = 6.0794e-05, marker error: RMS = 0.00259902, max = 0.00440552 (US)
[2024-05-21 11:31:53.440] [info] Frame 64 (t = 0.64):	 total squared error = 6.04974e-05, marker error: RMS = 0.00259267, max = 0.00441138 (US)
[2024-05-21 11:31:53.440] [info] Frame 65 (t = 0.65):	 total squared error = 6.0297e-05, marker error: RMS = 0.00258837, max = 0.00441537 (US)
[2024-05-21 11:31:53.440] [info] Frame 66 (t = 0.66):	 total squared error = 6.01352e-05, marker error: RMS = 0.00258490, max = 0.00441164 (US)
[2024-05-21 11:31:53.441] [info] Frame 67 (t = 0.67):	 total squared error = 6.00197e-05, marker error: RMS = 0.00258241, max = 0.00440529 (US)
[2024-05-21 11:31:53.441] [info] Frame 68 (t = 0.68):	 total squared error = 6.00474e-05, marker error: RMS = 0.00258301, max = 0.00444095 (US)
[2024-05-21 11:31:53.441] [info] Frame 69 (t = 0.69):	 total squared error = 6.02165e-05, marker error: RMS = 0.00258664, max = 0.00443772 (US)
[2024-05-21 11:31:53.442] [info] Frame 70 (t = 0.7):	 total squared error = 6.04608e-05, marker error: RMS = 0.00259189, max = 0.00441596 (US)
[2024-05-21 11:31:53.442] [info] Frame 71 (t = 0.71):	 total squared error = 6.07342e-05, marker error: RMS = 0.00259774, max = 0.00446012 (US)
[2024-05-21 11:31:53.442] [info] Frame 72 (t = 0.72):	 total squared error = 6.12010e-05, marker error: RMS = 0.00260770, max = 0.00446402 (US)
[2024-05-21 11:31:53.442] [info] Frame 73 (t = 0.73):	 total squared error = 6.15675e-05, marker error: RMS = 0.00261550, max = 0.00442860 (US)
[2024-05-21 11:31:53.443] [info] Frame 74 (t = 0.74):	 total squared error = 6.18871e-05, marker error: RMS = 0.00262228, max = 0.00448447 (US)
[2024-05-21 11:31:53.443] [info] Frame 75 (t = 0.75):	 total squared error = 6.23289e-05, marker error: RMS = 0.00263162, max = 0.00449046 (US)
[2024-05-21 11:31:53.444] [info] Frame 76 (t = 0.76):	 total squared error = 6.18001e-05, marker error: RMS = 0.00262044, max = 0.00432886 (US)
[2024-05-21 11:31:53.444] [info] Frame 77 (t = 0.77):	 total squared error = 6.18713e-05, marker error: RMS = 0.00262194, max = 0.00432666 (US)
[2024-05-21 11:31:53.444] [info] Frame 78 (t = 0.78):	 total squared error = 6.18656e-05, marker error: RMS = 0.00262182, max = 0.00434712 (US)
[2024-05-21 11:31:53.444] [info] Frame 79 (t = 0.79):	 total squared error = 6.1688e-05, marker error: RMS = 0.00261806, max = 0.00434855 (US)
[2024-05-21 11:31:53.445] [info] Frame 80 (t = 0.8):	 total squared error = 6.14473e-05, marker error: RMS = 0.00261294, max = 0.00436823 (US)
[2024-05-21 11:31:53.445] [info] Frame 81 (t = 0.81):	 total squared error = 6.11042e-05, marker error: RMS = 0.00260564, max = 0.00439015 (US)
[2024-05-21 11:31:53.445] [info] Frame 82 (t = 0.82):	 total squared error = 6.06663e-05, marker error: RMS = 0.00259629, max = 0.00439950 (US)
[2024-05-21 11:31:53.446] [info] Frame 83 (t = 0.83):	 total squared error = 6.02912e-05, marker error: RMS = 0.00258825, max = 0.00440364 (US)
[2024-05-21 11:31:53.446] [info] Frame 84 (t = 0.84):	 total squared error = 5.99423e-05, marker error: RMS = 0.00258075, max = 0.00438921 (US)
[2024-05-21 11:31:53.446] [info] Frame 85 (t = 0.85):	 total squared error = 5.9621e-05, marker error: RMS = 0.00257382, max = 0.00439484 (US)
[2024-05-21 11:31:53.446] [info] Frame 86 (t = 0.86):	 total squared error = 5.94526e-05, marker error: RMS = 0.00257018, max = 0.00438795 (US)
[2024-05-21 11:31:53.447] [info] Frame 87 (t = 0.87):	 total squared error = 5.94665e-05, marker error: RMS = 0.00257048, max = 0.00436969 (US)
[2024-05-21 11:31:53.447] [info] Frame 88 (t = 0.88):	 total squared error = 5.95024e-05, marker error: RMS = 0.00257126, max = 0.00436735 (US)
[2024-05-21 11:31:53.447] [info] Frame 89 (t = 0.89):	 total squared error = 5.97846e-05, marker error: RMS = 0.00257735, max = 0.00435535 (US)
[2024-05-21 11:31:53.448] [info] Frame 90 (t = 0.9):	 total squared error = 6.01884e-05, marker error: RMS = 0.00258604, max = 0.00434115 (US)
[2024-05-21 11:31:53.448] [info] Frame 91 (t = 0.91):	 total squared error = 6.07821e-05, marker error: RMS = 0.00259876, max = 0.00434237 (US)
[2024-05-21 11:31:53.448] [info] Frame 92 (t = 0.92):	 total squared error = 6.15338e-05, marker error: RMS = 0.00261478, max = 0.00432365 (US)
[2024-05-21 11:31:53.449] [info] Frame 93 (t = 0.93):	 total squared error = 6.22737e-05, marker error: RMS = 0.00263046, max = 0.00431679 (US)
[2024-05-21 11:31:53.449] [info] Frame 94 (t = 0.94):	 total squared error = 6.30541e-05, marker error: RMS = 0.00264689, max = 0.00433234 (US)
[2024-05-21 11:31:53.449] [info] Frame 95 (t = 0.95):	 total squared error = 6.3861e-05, marker error: RMS = 0.00266377, max = 0.00433315 (US)
[2024-05-21 11:31:53.450] [info] Frame 96 (t = 0.96):	 total squared error = 6.44678e-05, marker error: RMS = 0.00267639, max = 0.00433479 (US)
[2024-05-21 11:31:53.450] [info] Frame 97 (t = 0.97):	 total squared error = 6.47594e-05, marker error: RMS = 0.00268244, max = 0.00435036 (US)
[2024-05-21 11:31:53.450] [info] Frame 98 (t = 0.98):	 total squared error = 6.48305e-05, marker error: RMS = 0.00268391, max = 0.00438804 (US)
[2024-05-21 11:31:53.451] [info] Frame 99 (t = 0.99):	 total squared error = 6.46266e-05, marker error: RMS = 0.00267969, max = 0.00441142 (US)
[2024-05-21 11:31:53.451] [info] Frame 100 (t = 1.0):	 total squared error = 6.41207e-05, marker error: RMS = 0.00266918, max = 0.00444842 (US)
[2024-05-21 11:31:53.451] [info] Frame 101 (t = 1.01):	 total squared error = 6.33798e-05, marker error: RMS = 0.00265371, max = 0.00448510 (US)
[2024-05-21 11:31:53.452] [info] Frame 102 (t = 1.02):	 total squared error = 6.24958e-05, marker error: RMS = 0.00263514, max = 0.00453439 (US)
[2024-05-21 11:31:53.452] [info] Frame 103 (t = 1.03):	 total squared error = 6.1575e-05, marker error: RMS = 0.00261566, max = 0.00458920 (US)
[2024-05-21 11:31:53.452] [info] Frame 104 (t = 1.04):	 total squared error = 5.98247e-05, marker error: RMS = 0.00257821, max = 0.00469903 (US)
[2024-05-21 11:31:53.453] [info] Frame 105 (t = 1.05):	 total squared error = 5.88513e-05, marker error: RMS = 0.00255715, max = 0.00477154 (US)
[2024-05-21 11:31:53.453] [info] Frame 106 (t = 1.06):	 total squared error = 5.81258e-05, marker error: RMS = 0.00254134, max = 0.00484035 (US)
[2024-05-21 11:31:53.453] [info] Frame 107 (t = 1.07):	 total squared error = 5.76913e-05, marker error: RMS = 0.00253183, max = 0.00491790 (US)
[2024-05-21 11:31:53.454] [info] Frame 108 (t = 1.08):	 total squared error = 5.65867e-05, marker error: RMS = 0.00250747, max = 0.00516052 (US)
[2024-05-21 11:31:53.454] [info] Frame 109 (t = 1.09):	 total squared error = 5.61999e-05, marker error: RMS = 0.00249889, max = 0.00512355 (US)
[2024-05-21 11:31:53.454] [info] Frame 110 (t = 1.1):	 total squared error = 5.62958e-05, marker error: RMS = 0.00250102, max = 0.00519865 (US)
[2024-05-21 11:31:53.455] [info] Frame 111 (t = 1.11):	 total squared error = 5.54744e-05, marker error: RMS = 0.00248270, max = 0.00511921 (US)
[2024-05-21 11:31:53.456] [info] Frame 112 (t = 1.12):	 total squared error = 5.56753e-05, marker error: RMS = 0.00248720, max = 0.00517555 (US)
[2024-05-21 11:31:53.456] [info] Frame 113 (t = 1.13):	 total squared error = 5.60969e-05, marker error: RMS = 0.00249660, max = 0.00512593 (US)
[2024-05-21 11:31:53.456] [info] Frame 114 (t = 1.14):	 total squared error = 5.67972e-05, marker error: RMS = 0.00251213, max = 0.00521269 (US)
[2024-05-21 11:31:53.457] [info] Frame 115 (t = 1.15):	 total squared error = 5.79551e-05, marker error: RMS = 0.00253761, max = 0.00522457 (US)
[2024-05-21 11:31:53.457] [info] Frame 116 (t = 1.16):	 total squared error = 5.77524e-05, marker error: RMS = 0.00253317, max = 0.00496781 (US)
[2024-05-21 11:31:53.458] [info] Frame 117 (t = 1.17):	 total squared error = 5.8832e-05, marker error: RMS = 0.00255673, max = 0.00495585 (US)
[2024-05-21 11:31:53.458] [info] Frame 118 (t = 1.18):	 total squared error = 6.01309e-05, marker error: RMS = 0.00258480, max = 0.00492536 (US)
[2024-05-21 11:31:53.458] [info] Frame 119 (t = 1.19):	 total squared error = 6.15049e-05, marker error: RMS = 0.00261417, max = 0.00487980 (US)
[2024-05-21 11:31:53.459] [info] Frame 120 (t = 1.2):	 total squared error = 6.29377e-05, marker error: RMS = 0.00264444, max = 0.00483102 (US)
[2024-05-21 11:31:53.459] [info] Frame 121 (t = 1.21):	 total squared error = 6.4317e-05, marker error: RMS = 0.00267326, max = 0.00476941 (US)
[2024-05-21 11:31:53.460] [info] Frame 122 (t = 1.22):	 total squared error = 6.56662e-05, marker error: RMS = 0.00270116, max = 0.00470105 (US)
[2024-05-21 11:31:53.460] [info] Frame 123 (t = 1.23):	 total squared error = 6.69942e-05, marker error: RMS = 0.00272833, max = 0.00462339 (US)
[2024-05-21 11:31:53.461] [info] Frame 124 (t = 1.24):	 total squared error = 6.61736e-05, marker error: RMS = 0.00271157, max = 0.00444965 (US)
[2024-05-21 11:31:53.461] [info] Frame 125 (t = 1.25):	 total squared error = 6.66066e-05, marker error: RMS = 0.00272043, max = 0.00436966 (US)
[2024-05-21 11:31:53.462] [info] Frame 126 (t = 1.26):	 total squared error = 6.60949e-05, marker error: RMS = 0.00270996, max = 0.00444265 (US)
[2024-05-21 11:31:53.462] [info] Frame 127 (t = 1.27):	 total squared error = 6.59685e-05, marker error: RMS = 0.00270737, max = 0.00435663 (US)
[2024-05-21 11:31:53.463] [info] Frame 128 (t = 1.28):	 total squared error = 6.58225e-05, marker error: RMS = 0.00270437, max = 0.00423798 (US)
[2024-05-21 11:31:53.463] [info] Frame 129 (t = 1.29):	 total squared error = 6.56831e-05, marker error: RMS = 0.00270150, max = 0.00425297 (US)
[2024-05-21 11:31:53.464] [info] Frame 130 (t = 1.3):	 total squared error = 6.37135e-05, marker error: RMS = 0.00266069, max = 0.00443070 (US)
[2024-05-21 11:31:53.465] [info] Frame 131 (t = 1.31):	 total squared error = 6.29399e-05, marker error: RMS = 0.00264449, max = 0.00439089 (US)
[2024-05-21 11:31:53.465] [info] Frame 132 (t = 1.32):	 total squared error = 6.21913e-05, marker error: RMS = 0.00262872, max = 0.00437012 (US)
[2024-05-21 11:31:53.465] [info] Frame 133 (t = 1.33):	 total squared error = 6.14244e-05, marker error: RMS = 0.00261246, max = 0.00437670 (US)
[2024-05-21 11:31:53.466] [info] Frame 134 (t = 1.34):	 total squared error = 6.07193e-05, marker error: RMS = 0.00259742, max = 0.00435893 (US)
[2024-05-21 11:31:53.466] [info] Frame 135 (t = 1.35):	 total squared error = 6.00453e-05, marker error: RMS = 0.00258296, max = 0.00438207 (US)
[2024-05-21 11:31:53.466] [info] Frame 136 (t = 1.36):	 total squared error = 5.95513e-05, marker error: RMS = 0.00257232, max = 0.00439807 (US)
[2024-05-21 11:31:53.467] [info] Frame 137 (t = 1.37):	 total squared error = 5.92512e-05, marker error: RMS = 0.00256583, max = 0.00442183 (US)
[2024-05-21 11:31:53.467] [info] Frame 138 (t = 1.38):	 total squared error = 5.91778e-05, marker error: RMS = 0.00256424, max = 0.00444856 (US)
[2024-05-21 11:31:53.467] [info] Frame 139 (t = 1.39):	 total squared error = 5.92247e-05, marker error: RMS = 0.00256525, max = 0.00445723 (US)
[2024-05-21 11:31:53.468] [info] Frame 140 (t = 1.4):	 total squared error = 5.95202e-05, marker error: RMS = 0.00257164, max = 0.00446340 (US)
[2024-05-21 11:31:53.469] [info] Frame 141 (t = 1.41):	 total squared error = 5.99204e-05, marker error: RMS = 0.00258028, max = 0.00448237 (US)
[2024-05-21 11:31:53.470] [info] Frame 142 (t = 1.42):	 total squared error = 5.96070e-05, marker error: RMS = 0.00257352, max = 0.00434325 (US)
[2024-05-21 11:31:53.470] [info] Frame 143 (t = 1.43):	 total squared error = 5.9813e-05, marker error: RMS = 0.00257796, max = 0.00436329 (US)
[2024-05-21 11:31:53.470] [info] Frame 144 (t = 1.44):	 total squared error = 5.99768e-05, marker error: RMS = 0.00258149, max = 0.00437127 (US)
[2024-05-21 11:31:53.471] [info] Frame 145 (t = 1.45):	 total squared error = 6.01025e-05, marker error: RMS = 0.00258419, max = 0.00437506 (US)
[2024-05-21 11:31:53.471] [info] Frame 146 (t = 1.46):	 total squared error = 6.01663e-05, marker error: RMS = 0.00258556, max = 0.00437540 (US)
[2024-05-21 11:31:53.472] [info] Frame 147 (t = 1.47):	 total squared error = 6.02014e-05, marker error: RMS = 0.00258632, max = 0.00437868 (US)
[2024-05-21 11:31:53.473] [info] Frame 148 (t = 1.48):	 total squared error = 5.95022e-05, marker error: RMS = 0.00257125, max = 0.00436134 (US)
[2024-05-21 11:31:53.474] [info] Frame 149 (t = 1.49):	 total squared error = 5.92454e-05, marker error: RMS = 0.00256570, max = 0.00435682 (US)
[2024-05-21 11:31:53.475] [info] Frame 150 (t = 1.5):	 total squared error = 5.90765e-05, marker error: RMS = 0.00256204, max = 0.00437762 (US)
[2024-05-21 11:31:53.475] [info] Frame 151 (t = 1.51):	 total squared error = 5.89515e-05, marker error: RMS = 0.00255933, max = 0.00439434 (US)
[2024-05-21 11:31:53.476] [info] Frame 152 (t = 1.52):	 total squared error = 5.82483e-05, marker error: RMS = 0.00254402, max = 0.00432531 (US)
[2024-05-21 11:31:53.477] [info] Frame 153 (t = 1.53):	 total squared error = 5.80618e-05, marker error: RMS = 0.00253994, max = 0.00439305 (US)
[2024-05-21 11:31:53.477] [info] Frame 154 (t = 1.54):	 total squared error = 5.80686e-05, marker error: RMS = 0.00254009, max = 0.00443209 (US)
[2024-05-21 11:31:53.479] [info] Frame 155 (t = 1.55):	 total squared error = 5.76762e-05, marker error: RMS = 0.00253149, max = 0.00432031 (US)
[2024-05-21 11:31:53.479] [info] Frame 156 (t = 1.56):	 total squared error = 5.77426e-05, marker error: RMS = 0.00253295, max = 0.00438524 (US)
[2024-05-21 11:31:53.479] [info] Frame 157 (t = 1.57):	 total squared error = 5.80010e-05, marker error: RMS = 0.00253861, max = 0.00442367 (US)
[2024-05-21 11:31:53.480] [info] Frame 158 (t = 1.58):	 total squared error = 5.78698e-05, marker error: RMS = 0.00253574, max = 0.00431146 (US)
[2024-05-21 11:31:53.480] [info] Frame 159 (t = 1.59):	 total squared error = 5.81944e-05, marker error: RMS = 0.00254284, max = 0.00437719 (US)
[2024-05-21 11:31:53.481] [info] Frame 160 (t = 1.6):	 total squared error = 5.86397e-05, marker error: RMS = 0.00255255, max = 0.00442221 (US)
[2024-05-21 11:31:53.481] [info] Frame 161 (t = 1.61):	 total squared error = 5.91848e-05, marker error: RMS = 0.00256439, max = 0.00446531 (US)
[2024-05-21 11:31:53.481] [info] Frame 162 (t = 1.62):	 total squared error = 5.96499e-05, marker error: RMS = 0.00257444, max = 0.00443418 (US)
[2024-05-21 11:31:53.482] [info] Frame 163 (t = 1.63):	 total squared error = 6.00268e-05, marker error: RMS = 0.00258257, max = 0.00450147 (US)
[2024-05-21 11:31:53.482] [info] Frame 164 (t = 1.64):	 total squared error = 6.03825e-05, marker error: RMS = 0.00259021, max = 0.00450383 (US)
[2024-05-21 11:31:53.483] [info] Frame 165 (t = 1.65):	 total squared error = 6.05321e-05, marker error: RMS = 0.00259341, max = 0.00444926 (US)
[2024-05-21 11:31:53.483] [info] Frame 166 (t = 1.66):	 total squared error = 6.0579e-05, marker error: RMS = 0.00259442, max = 0.00448846 (US)
[2024-05-21 11:31:53.483] [info] Frame 167 (t = 1.67):	 total squared error = 6.07195e-05, marker error: RMS = 0.00259742, max = 0.00447810 (US)
[2024-05-21 11:31:53.484] [info] Frame 168 (t = 1.68):	 total squared error = 6.08514e-05, marker error: RMS = 0.00260024, max = 0.00446775 (US)
[2024-05-21 11:31:53.484] [info] Frame 169 (t = 1.69):	 total squared error = 6.02964e-05, marker error: RMS = 0.00258836, max = 0.00438445 (US)
[2024-05-21 11:31:53.485] [info] Frame 170 (t = 1.7):	 total squared error = 6.02677e-05, marker error: RMS = 0.00258774, max = 0.00437578 (US)
[2024-05-21 11:31:53.485] [info] Frame 171 (t = 1.71):	 total squared error = 6.02068e-05, marker error: RMS = 0.00258644, max = 0.00437169 (US)
[2024-05-21 11:31:53.485] [info] Frame 172 (t = 1.72):	 total squared error = 6.01313e-05, marker error: RMS = 0.00258481, max = 0.00437773 (US)
[2024-05-21 11:31:53.486] [info] Frame 173 (t = 1.73):	 total squared error = 5.9879e-05, marker error: RMS = 0.00257938, max = 0.00439039 (US)
[2024-05-21 11:31:53.486] [info] Frame 174 (t = 1.74):	 total squared error = 5.96613e-05, marker error: RMS = 0.00257469, max = 0.00441728 (US)
[2024-05-21 11:31:53.486] [info] Frame 175 (t = 1.75):	 total squared error = 5.94691e-05, marker error: RMS = 0.00257054, max = 0.00444557 (US)
[2024-05-21 11:31:53.487] [info] Frame 176 (t = 1.76):	 total squared error = 5.91637e-05, marker error: RMS = 0.00256393, max = 0.00445869 (US)
[2024-05-21 11:31:53.487] [info] Frame 177 (t = 1.77):	 total squared error = 5.90157e-05, marker error: RMS = 0.00256072, max = 0.00450731 (US)
[2024-05-21 11:31:53.488] [info] Frame 178 (t = 1.78):	 total squared error = 5.88737e-05, marker error: RMS = 0.00255764, max = 0.00448335 (US)
[2024-05-21 11:31:53.489] [info] Frame 179 (t = 1.79):	 total squared error = 5.88479e-05, marker error: RMS = 0.00255708, max = 0.00455253 (US)
[2024-05-21 11:31:53.490] [info] Frame 180 (t = 1.8):	 total squared error = 5.83264e-05, marker error: RMS = 0.00254572, max = 0.00434847 (US)
[2024-05-21 11:31:53.490] [info] Frame 181 (t = 1.81):	 total squared error = 5.83399e-05, marker error: RMS = 0.00254602, max = 0.00438613 (US)
[2024-05-21 11:31:53.491] [info] Frame 182 (t = 1.82):	 total squared error = 5.83811e-05, marker error: RMS = 0.00254692, max = 0.00441177 (US)
[2024-05-21 11:31:53.491] [info] Frame 183 (t = 1.83):	 total squared error = 5.85328e-05, marker error: RMS = 0.00255022, max = 0.00444254 (US)
[2024-05-21 11:31:53.491] [info] Frame 184 (t = 1.84):	 total squared error = 5.86586e-05, marker error: RMS = 0.00255296, max = 0.00445119 (US)
[2024-05-21 11:31:53.492] [info] Frame 185 (t = 1.85):	 total squared error = 5.86816e-05, marker error: RMS = 0.00255346, max = 0.00440725 (US)
[2024-05-21 11:31:53.492] [info] Frame 186 (t = 1.86):	 total squared error = 5.86149e-05, marker error: RMS = 0.00255201, max = 0.00445726 (US)
[2024-05-21 11:31:53.492] [info] Frame 187 (t = 1.87):	 total squared error = 5.8635e-05, marker error: RMS = 0.00255245, max = 0.00445294 (US)
[2024-05-21 11:31:53.493] [info] Frame 188 (t = 1.88):	 total squared error = 5.86258e-05, marker error: RMS = 0.00255225, max = 0.00444808 (US)
[2024-05-21 11:31:53.493] [info] Frame 189 (t = 1.89):	 total squared error = 5.85535e-05, marker error: RMS = 0.00255067, max = 0.00443683 (US)
[2024-05-21 11:31:53.493] [info] Frame 190 (t = 1.9):	 total squared error = 5.85594e-05, marker error: RMS = 0.00255080, max = 0.00445695 (US)
[2024-05-21 11:31:53.494] [info] Frame 191 (t = 1.91):	 total squared error = 5.8365e-05, marker error: RMS = 0.00254657, max = 0.00436048 (US)
[2024-05-21 11:31:53.495] [info] Frame 192 (t = 1.92):	 total squared error = 5.82792e-05, marker error: RMS = 0.00254469, max = 0.00442404 (US)
[2024-05-21 11:31:53.495] [info] Frame 193 (t = 1.93):	 total squared error = 5.82876e-05, marker error: RMS = 0.00254488, max = 0.00442963 (US)
[2024-05-21 11:31:53.496] [info] Frame 194 (t = 1.94):	 total squared error = 5.83189e-05, marker error: RMS = 0.00254556, max = 0.00443582 (US)
[2024-05-21 11:31:53.496] [info] Frame 195 (t = 1.95):	 total squared error = 5.84248e-05, marker error: RMS = 0.00254787, max = 0.00445220 (US)
[2024-05-21 11:31:53.496] [info] Frame 196 (t = 1.96):	 total squared error = 5.85281e-05, marker error: RMS = 0.00255012, max = 0.00446247 (US)
[2024-05-21 11:31:53.497] [info] Frame 197 (t = 1.97):	 total squared error = 5.87196e-05, marker error: RMS = 0.00255429, max = 0.00447912 (US)
[2024-05-21 11:31:53.497] [info] Frame 198 (t = 1.98):	 total squared error = 5.89596e-05, marker error: RMS = 0.00255950, max = 0.00449449 (US)
[2024-05-21 11:31:53.497] [info] Frame 199 (t = 1.99):	 total squared error = 5.81594e-05, marker error: RMS = 0.00254208, max = 0.00431677 (US)
[2024-05-21 11:31:53.498] [info] Frame 200 (t = 2.0):	 total squared error = 5.82903e-05, marker error: RMS = 0.00254494, max = 0.00431911 (US)
[2024-05-21 11:31:53.498] [info] Frame 201 (t = 2.01):	 total squared error = 5.84072e-05, marker error: RMS = 0.00254749, max = 0.00431862 (US)
[2024-05-21 11:31:53.498] [info] Frame 202 (t = 2.02):	 total squared error = 5.85117e-05, marker error: RMS = 0.00254977, max = 0.00431522 (US)
[2024-05-21 11:31:53.499] [info] Frame 203 (t = 2.03):	 total squared error = 5.86104e-05, marker error: RMS = 0.00255191, max = 0.00430218 (US)
[2024-05-21 11:31:53.499] [info] Frame 204 (t = 2.04):	 total squared error = 5.86772e-05, marker error: RMS = 0.00255337, max = 0.00427510 (US)
[2024-05-21 11:31:53.499] [info] Frame 205 (t = 2.05):	 total squared error = 5.87916e-05, marker error: RMS = 0.00255586, max = 0.00424490 (US)
[2024-05-21 11:31:53.500] [info] Frame 206 (t = 2.06):	 total squared error = 5.89463e-05, marker error: RMS = 0.00255922, max = 0.00418048 (US)
[2024-05-21 11:31:53.500] [info] Frame 207 (t = 2.07):	 total squared error = 5.86061e-05, marker error: RMS = 0.00255182, max = 0.00435404 (US)
[2024-05-21 11:31:53.500] [info] Frame 208 (t = 2.08):	 total squared error = 5.88124e-05, marker error: RMS = 0.00255631, max = 0.00428840 (US)
[2024-05-21 11:31:53.501] [info] Frame 209 (t = 2.09):	 total squared error = 5.9338e-05, marker error: RMS = 0.00256771, max = 0.00420716 (US)
[2024-05-21 11:31:53.502] [info] Frame 210 (t = 2.1):	 total squared error = 5.89299e-05, marker error: RMS = 0.00255886, max = 0.00436244 (US)
[2024-05-21 11:31:53.502] [info] Frame 211 (t = 2.11):	 total squared error = 5.93428e-05, marker error: RMS = 0.00256781, max = 0.00428102 (US)
[2024-05-21 11:31:53.503] [info] Frame 212 (t = 2.12):	 total squared error = 6.00567e-05, marker error: RMS = 0.00258321, max = 0.00417470 (US)
[2024-05-21 11:31:53.503] [info] Frame 213 (t = 2.13):	 total squared error = 6.10885e-05, marker error: RMS = 0.00260530, max = 0.00415218 (US)
[2024-05-21 11:31:53.504] [info] Frame 214 (t = 2.14):	 total squared error = 5.93355e-05, marker error: RMS = 0.00256765, max = 0.00429136 (US)
[2024-05-21 11:31:53.504] [info] Frame 215 (t = 2.15):	 total squared error = 5.96982e-05, marker error: RMS = 0.00257549, max = 0.00422143 (US)
[2024-05-21 11:31:53.505] [info] Frame 216 (t = 2.16):	 total squared error = 6.02598e-05, marker error: RMS = 0.00258757, max = 0.00415038 (US)
[2024-05-21 11:31:53.506] [info] Frame 217 (t = 2.17):	 total squared error = 6.00017e-05, marker error: RMS = 0.00258203, max = 0.00436218 (US)
[2024-05-21 11:31:53.506] [info] Frame 218 (t = 2.18):	 total squared error = 6.04327e-05, marker error: RMS = 0.00259128, max = 0.00430756 (US)
[2024-05-21 11:31:53.506] [info] Frame 219 (t = 2.19):	 total squared error = 6.08893e-05, marker error: RMS = 0.00260105, max = 0.00420531 (US)
[2024-05-21 11:31:53.507] [info] Frame 220 (t = 2.2):	 total squared error = 6.14177e-05, marker error: RMS = 0.00261232, max = 0.00421599 (US)
[2024-05-21 11:31:53.508] [info] Frame 221 (t = 2.21):	 total squared error = 5.94961e-05, marker error: RMS = 0.00257112, max = 0.00429419 (US)
[2024-05-21 11:31:53.508] [info] Frame 222 (t = 2.22):	 total squared error = 5.94448e-05, marker error: RMS = 0.00257001, max = 0.00427481 (US)
[2024-05-21 11:31:53.508] [info] Frame 223 (t = 2.23):	 total squared error = 5.94454e-05, marker error: RMS = 0.00257003, max = 0.00425390 (US)
[2024-05-21 11:31:53.509] [info] Frame 224 (t = 2.24):	 total squared error = 5.93012e-05, marker error: RMS = 0.00256691, max = 0.00425227 (US)
[2024-05-21 11:31:53.509] [info] Frame 225 (t = 2.25):	 total squared error = 5.92268e-05, marker error: RMS = 0.00256530, max = 0.00423875 (US)
[2024-05-21 11:31:53.509] [info] Frame 226 (t = 2.26):	 total squared error = 5.90119e-05, marker error: RMS = 0.00256064, max = 0.00431511 (US)
[2024-05-21 11:31:53.510] [info] Frame 227 (t = 2.27):	 total squared error = 5.88418e-05, marker error: RMS = 0.00255695, max = 0.00426046 (US)
[2024-05-21 11:31:53.510] [info] Frame 228 (t = 2.28):	 total squared error = 5.88118e-05, marker error: RMS = 0.00255630, max = 0.00429823 (US)
[2024-05-21 11:31:53.511] [info] Frame 229 (t = 2.29):	 total squared error = 5.81798e-05, marker error: RMS = 0.00254252, max = 0.00426961 (US)
[2024-05-21 11:31:53.511] [info] Frame 230 (t = 2.3):	 total squared error = 5.82224e-05, marker error: RMS = 0.00254345, max = 0.00433114 (US)
[2024-05-21 11:31:53.511] [info] Frame 231 (t = 2.31):	 total squared error = 5.86058e-05, marker error: RMS = 0.00255181, max = 0.00439720 (US)
[2024-05-21 11:31:53.512] [info] Frame 232 (t = 2.32):	 total squared error = 5.80640e-05, marker error: RMS = 0.00253999, max = 0.00427351 (US)
[2024-05-21 11:31:53.513] [info] Frame 233 (t = 2.33):	 total squared error = 5.85070e-05, marker error: RMS = 0.00254966, max = 0.00435164 (US)
[2024-05-21 11:31:53.513] [info] Frame 234 (t = 2.34):	 total squared error = 5.82203e-05, marker error: RMS = 0.00254341, max = 0.00428057 (US)
[2024-05-21 11:31:53.514] [info] Frame 235 (t = 2.35):	 total squared error = 5.88213e-05, marker error: RMS = 0.00255650, max = 0.00438712 (US)
[2024-05-21 11:31:53.514] [info] Frame 236 (t = 2.36):	 total squared error = 5.98227e-05, marker error: RMS = 0.00257817, max = 0.00447309 (US)
[2024-05-21 11:31:53.515] [info] Frame 237 (t = 2.37):	 total squared error = 6.12644e-05, marker error: RMS = 0.00260905, max = 0.00454987 (US)
[2024-05-21 11:31:53.515] [info] Frame 238 (t = 2.38):	 total squared error = 6.00897e-05, marker error: RMS = 0.00258392, max = 0.00432628 (US)
[2024-05-21 11:31:53.515] [info] Frame 239 (t = 2.39):	 total squared error = 6.0818e-05, marker error: RMS = 0.00259953, max = 0.00442178 (US)
[2024-05-21 11:31:53.516] [info] Frame 240 (t = 2.4):	 total squared error = 6.02473e-05, marker error: RMS = 0.00258730, max = 0.00444069 (US)
[2024-05-21 11:31:53.516] [info] Frame 241 (t = 2.41):	 total squared error = 6.0629e-05, marker error: RMS = 0.00259549, max = 0.00447526 (US)
[2024-05-21 11:31:53.516] [info] Frame 242 (t = 2.42):	 total squared error = 6.10368e-05, marker error: RMS = 0.00260420, max = 0.00450139 (US)
[2024-05-21 11:31:53.517] [info] Frame 243 (t = 2.43):	 total squared error = 6.13191e-05, marker error: RMS = 0.00261022, max = 0.00450474 (US)
[2024-05-21 11:31:53.517] [info] Frame 244 (t = 2.44):	 total squared error = 6.14109e-05, marker error: RMS = 0.00261217, max = 0.00448367 (US)
[2024-05-21 11:31:53.518] [info] Frame 245 (t = 2.45):	 total squared error = 6.10790e-05, marker error: RMS = 0.00260510, max = 0.00448865 (US)
[2024-05-21 11:31:53.518] [info] Frame 246 (t = 2.46):	 total squared error = 6.09501e-05, marker error: RMS = 0.00260235, max = 0.00443657 (US)
[2024-05-21 11:31:53.518] [info] Frame 247 (t = 2.47):	 total squared error = 6.08945e-05, marker error: RMS = 0.00260116, max = 0.00437263 (US)
[2024-05-21 11:31:53.519] [info] Frame 248 (t = 2.48):	 total squared error = 6.10009e-05, marker error: RMS = 0.00260344, max = 0.00429682 (US)
[2024-05-21 11:31:53.519] [info] Frame 249 (t = 2.49):	 total squared error = 6.01595e-05, marker error: RMS = 0.00258542, max = 0.00448222 (US)
[2024-05-21 11:31:53.520] [info] Frame 250 (t = 2.5):	 total squared error = 6.00447e-05, marker error: RMS = 0.00258295, max = 0.00439210 (US)
[2024-05-21 11:31:53.520] [info] Frame 251 (t = 2.51):	 total squared error = 6.02694e-05, marker error: RMS = 0.00258778, max = 0.00429290 (US)
[2024-05-21 11:31:53.521] [info] Frame 252 (t = 2.52):	 total squared error = 5.90118e-05, marker error: RMS = 0.00256064, max = 0.00446994 (US)
[2024-05-21 11:31:53.522] [info] Frame 253 (t = 2.53):	 total squared error = 5.87535e-05, marker error: RMS = 0.00255503, max = 0.00438346 (US)
[2024-05-21 11:31:53.523] [info] Frame 254 (t = 2.54):	 total squared error = 5.87505e-05, marker error: RMS = 0.00255496, max = 0.00429951 (US)
[2024-05-21 11:31:53.524] [info] Frame 255 (t = 2.55):	 total squared error = 5.75775e-05, marker error: RMS = 0.00252933, max = 0.00440456 (US)
[2024-05-21 11:31:53.524] [info] Frame 256 (t = 2.56):	 total squared error = 5.72294e-05, marker error: RMS = 0.00252167, max = 0.00434892 (US)
[2024-05-21 11:31:53.525] [info] Frame 257 (t = 2.57):	 total squared error = 5.70275e-05, marker error: RMS = 0.00251722, max = 0.00431446 (US)
[2024-05-21 11:31:53.526] [info] Frame 258 (t = 2.58):	 total squared error = 5.68854e-05, marker error: RMS = 0.00251408, max = 0.00429328 (US)
[2024-05-21 11:31:53.527] [info] Frame 259 (t = 2.59):	 total squared error = 5.68267e-05, marker error: RMS = 0.00251278, max = 0.00428052 (US)
[2024-05-21 11:31:53.527] [info] Frame 260 (t = 2.6):	 total squared error = 5.67889e-05, marker error: RMS = 0.00251195, max = 0.00428725 (US)
[2024-05-21 11:31:53.528] [info] Frame 261 (t = 2.61):	 total squared error = 5.68596e-05, marker error: RMS = 0.00251351, max = 0.00429270 (US)
[2024-05-21 11:31:53.528] [info] Frame 262 (t = 2.62):	 total squared error = 5.69851e-05, marker error: RMS = 0.00251628, max = 0.00431217 (US)
[2024-05-21 11:31:53.529] [info] Frame 263 (t = 2.63):	 total squared error = 5.72177e-05, marker error: RMS = 0.00252141, max = 0.00433434 (US)
[2024-05-21 11:31:53.530] [info] Frame 264 (t = 2.64):	 total squared error = 5.66407e-05, marker error: RMS = 0.00250867, max = 0.00432077 (US)
[2024-05-21 11:31:53.530] [info] Frame 265 (t = 2.65):	 total squared error = 5.69012e-05, marker error: RMS = 0.00251443, max = 0.00435299 (US)
[2024-05-21 11:31:53.530] [info] Frame 266 (t = 2.66):	 total squared error = 5.72563e-05, marker error: RMS = 0.00252226, max = 0.00437706 (US)
[2024-05-21 11:31:53.530] [info] Frame 267 (t = 2.67):	 total squared error = 5.76861e-05, marker error: RMS = 0.00253171, max = 0.00440171 (US)
[2024-05-21 11:31:53.531] [info] Frame 268 (t = 2.68):	 total squared error = 5.80200e-05, marker error: RMS = 0.00253903, max = 0.00441293 (US)
[2024-05-21 11:31:53.531] [info] Frame 269 (t = 2.69):	 total squared error = 5.84457e-05, marker error: RMS = 0.00254833, max = 0.00441488 (US)
[2024-05-21 11:31:53.531] [info] Frame 270 (t = 2.7):	 total squared error = 5.89156e-05, marker error: RMS = 0.00255855, max = 0.00443451 (US)
[2024-05-21 11:31:53.532] [info] Frame 271 (t = 2.71):	 total squared error = 5.91666e-05, marker error: RMS = 0.00256399, max = 0.00442695 (US)
[2024-05-21 11:31:53.532] [info] Frame 272 (t = 2.72):	 total squared error = 5.94736e-05, marker error: RMS = 0.00257064, max = 0.00442929 (US)
[2024-05-21 11:31:53.533] [info] Frame 273 (t = 2.73):	 total squared error = 5.93418e-05, marker error: RMS = 0.00256779, max = 0.00438568 (US)
[2024-05-21 11:31:53.533] [info] Frame 274 (t = 2.74):	 total squared error = 5.95128e-05, marker error: RMS = 0.00257149, max = 0.00438490 (US)
[2024-05-21 11:31:53.534] [info] Frame 275 (t = 2.75):	 total squared error = 5.9612e-05, marker error: RMS = 0.00257363, max = 0.00438121 (US)
[2024-05-21 11:31:53.535] [info] Frame 276 (t = 2.76):	 total squared error = 5.96995e-05, marker error: RMS = 0.00257552, max = 0.00439209 (US)
[2024-05-21 11:31:53.536] [info] Frame 277 (t = 2.77):	 total squared error = 5.96664e-05, marker error: RMS = 0.00257480, max = 0.00438599 (US)
[2024-05-21 11:31:53.536] [info] Frame 278 (t = 2.78):	 total squared error = 5.9672e-05, marker error: RMS = 0.00257492, max = 0.00439812 (US)
[2024-05-21 11:31:53.537] [info] Frame 279 (t = 2.79):	 total squared error = 5.95602e-05, marker error: RMS = 0.00257251, max = 0.00439055 (US)
[2024-05-21 11:31:53.538] [info] Frame 280 (t = 2.8):	 total squared error = 5.95078e-05, marker error: RMS = 0.00257138, max = 0.00440328 (US)
[2024-05-21 11:31:53.538] [info] Frame 281 (t = 2.81):	 total squared error = 5.94707e-05, marker error: RMS = 0.00257057, max = 0.00441260 (US)
[2024-05-21 11:31:53.539] [info] Frame 282 (t = 2.82):	 total squared error = 5.92689e-05, marker error: RMS = 0.00256621, max = 0.00439815 (US)
[2024-05-21 11:31:53.540] [info] Frame 283 (t = 2.83):	 total squared error = 5.92119e-05, marker error: RMS = 0.00256498, max = 0.00440774 (US)
[2024-05-21 11:31:53.541] [info] Frame 284 (t = 2.84):	 total squared error = 5.91773e-05, marker error: RMS = 0.00256423, max = 0.00441640 (US)
[2024-05-21 11:31:53.542] [info] Frame 285 (t = 2.85):	 total squared error = 5.90772e-05, marker error: RMS = 0.00256206, max = 0.00441782 (US)
[2024-05-21 11:31:53.542] [info] Frame 286 (t = 2.86):	 total squared error = 5.90360e-05, marker error: RMS = 0.00256116, max = 0.00439751 (US)
[2024-05-21 11:31:53.543] [info] Frame 287 (t = 2.87):	 total squared error = 5.90847e-05, marker error: RMS = 0.00256222, max = 0.00440580 (US)
[2024-05-21 11:31:53.543] [info] Frame 288 (t = 2.88):	 total squared error = 5.91584e-05, marker error: RMS = 0.00256382, max = 0.00440984 (US)
[2024-05-21 11:31:53.543] [info] Frame 289 (t = 2.89):	 total squared error = 5.92232e-05, marker error: RMS = 0.00256522, max = 0.00440607 (US)
[2024-05-21 11:31:53.544] [info] Frame 290 (t = 2.9):	 total squared error = 5.93766e-05, marker error: RMS = 0.00256854, max = 0.00440890 (US)
[2024-05-21 11:31:53.545] [info] Frame 291 (t = 2.91):	 total squared error = 5.94725e-05, marker error: RMS = 0.00257061, max = 0.00439844 (US)
[2024-05-21 11:31:53.545] [info] Frame 292 (t = 2.92):	 total squared error = 5.96601e-05, marker error: RMS = 0.00257466, max = 0.00438969 (US)
[2024-05-21 11:31:53.546] [info] Frame 293 (t = 2.93):	 total squared error = 5.98203e-05, marker error: RMS = 0.00257812, max = 0.00439525 (US)
[2024-05-21 11:31:53.546] [info] Frame 294 (t = 2.94):	 total squared error = 5.99884e-05, marker error: RMS = 0.00258174, max = 0.00437590 (US)
[2024-05-21 11:31:53.547] [info] Frame 295 (t = 2.95):	 total squared error = 5.9371e-05, marker error: RMS = 0.00256842, max = 0.00434160 (US)
[2024-05-21 11:31:53.547] [info] Frame 296 (t = 2.96):	 total squared error = 5.94474e-05, marker error: RMS = 0.00257007, max = 0.00433661 (US)
[2024-05-21 11:31:53.547] [info] Frame 297 (t = 2.97):	 total squared error = 5.95648e-05, marker error: RMS = 0.00257261, max = 0.00433307 (US)
[2024-05-21 11:31:53.548] [info] Frame 298 (t = 2.98):	 total squared error = 5.9684e-05, marker error: RMS = 0.00257518, max = 0.00432920 (US)
[2024-05-21 11:31:53.548] [info] Frame 299 (t = 2.99):	 total squared error = 5.96707e-05, marker error: RMS = 0.00257489, max = 0.00433498 (US)
[2024-05-21 11:31:53.548] [info] Frame 300 (t = 3.0):	 total squared error = 5.97521e-05, marker error: RMS = 0.00257665, max = 0.00434220 (US)
[2024-05-21 11:31:53.549] [info] Frame 301 (t = 3.01):	 total squared error = 5.9723e-05, marker error: RMS = 0.00257602, max = 0.00438179 (US)
[2024-05-21 11:31:53.549] [info] Frame 302 (t = 3.02):	 total squared error = 5.971e-05, marker error: RMS = 0.00257574, max = 0.00435010 (US)
[2024-05-21 11:31:53.549] [info] Frame 303 (t = 3.03):	 total squared error = 5.97313e-05, marker error: RMS = 0.00257620, max = 0.00436129 (US)
[2024-05-21 11:31:53.550] [info] Frame 304 (t = 3.04):	 total squared error = 5.95663e-05, marker error: RMS = 0.00257264, max = 0.00438233 (US)
[2024-05-21 11:31:53.550] [info] Frame 305 (t = 3.05):	 total squared error = 5.9516e-05, marker error: RMS = 0.00257155, max = 0.00435466 (US)
[2024-05-21 11:31:53.550] [info] Frame 306 (t = 3.06):	 total squared error = 5.94578e-05, marker error: RMS = 0.00257030, max = 0.00435464 (US)
[2024-05-21 11:31:53.551] [info] Frame 307 (t = 3.07):	 total squared error = 5.8931e-05, marker error: RMS = 0.00255888, max = 0.00437507 (US)
[2024-05-21 11:31:53.551] [info] Frame 308 (t = 3.08):	 total squared error = 5.87697e-05, marker error: RMS = 0.00255538, max = 0.00438182 (US)
[2024-05-21 11:31:53.551] [info] Frame 309 (t = 3.09):	 total squared error = 5.86097e-05, marker error: RMS = 0.00255190, max = 0.00437384 (US)
[2024-05-21 11:31:53.552] [info] Frame 310 (t = 3.1):	 total squared error = 5.84111e-05, marker error: RMS = 0.00254757, max = 0.00438204 (US)
[2024-05-21 11:31:53.552] [info] Frame 311 (t = 3.11):	 total squared error = 5.8237e-05, marker error: RMS = 0.00254377, max = 0.00435857 (US)
[2024-05-21 11:31:53.553] [info] Frame 312 (t = 3.12):	 total squared error = 5.80909e-05, marker error: RMS = 0.00254058, max = 0.00435649 (US)
[2024-05-21 11:31:53.553] [info] Frame 313 (t = 3.13):	 total squared error = 5.78573e-05, marker error: RMS = 0.00253547, max = 0.00436566 (US)
[2024-05-21 11:31:53.553] [info] Frame 314 (t = 3.14):	 total squared error = 5.76706e-05, marker error: RMS = 0.00253137, max = 0.00434636 (US)
[2024-05-21 11:31:53.553] [info] Frame 315 (t = 3.15):	 total squared error = 5.75448e-05, marker error: RMS = 0.00252861, max = 0.00435064 (US)
[2024-05-21 11:31:53.554] [info] Frame 316 (t = 3.16):	 total squared error = 5.73274e-05, marker error: RMS = 0.00252383, max = 0.00435026 (US)
[2024-05-21 11:31:53.554] [info] Frame 317 (t = 3.17):	 total squared error = 5.72292e-05, marker error: RMS = 0.00252167, max = 0.00434690 (US)
[2024-05-21 11:31:53.554] [info] Frame 318 (t = 3.18):	 total squared error = 5.70906e-05, marker error: RMS = 0.00251861, max = 0.00434056 (US)
[2024-05-21 11:31:53.555] [info] Frame 319 (t = 3.19):	 total squared error = 5.70409e-05, marker error: RMS = 0.00251751, max = 0.00435177 (US)
[2024-05-21 11:31:53.555] [info] Frame 320 (t = 3.2):	 total squared error = 5.70054e-05, marker error: RMS = 0.00251673, max = 0.00435898 (US)
[2024-05-21 11:31:53.555] [info] Frame 321 (t = 3.21):	 total squared error = 5.70360e-05, marker error: RMS = 0.00251740, max = 0.00436382 (US)
[2024-05-21 11:31:53.556] [info] Frame 322 (t = 3.22):	 total squared error = 5.70646e-05, marker error: RMS = 0.00251804, max = 0.00437391 (US)
[2024-05-21 11:31:53.556] [info] Frame 323 (t = 3.23):	 total squared error = 5.72209e-05, marker error: RMS = 0.00252148, max = 0.00438455 (US)
[2024-05-21 11:31:53.556] [info] Frame 324 (t = 3.24):	 total squared error = 5.74389e-05, marker error: RMS = 0.00252628, max = 0.00439758 (US)
[2024-05-21 11:31:53.557] [info] Frame 325 (t = 3.25):	 total squared error = 5.7557e-05, marker error: RMS = 0.00252888, max = 0.00444573 (US)
[2024-05-21 11:31:53.557] [info] Frame 326 (t = 3.26):	 total squared error = 5.77746e-05, marker error: RMS = 0.00253365, max = 0.00442176 (US)
[2024-05-21 11:31:53.557] [info] Frame 327 (t = 3.27):	 total squared error = 5.80977e-05, marker error: RMS = 0.00254073, max = 0.00445175 (US)
[2024-05-21 11:31:53.558] [info] Frame 328 (t = 3.28):	 total squared error = 5.78273e-05, marker error: RMS = 0.00253481, max = 0.00429133 (US)
[2024-05-21 11:31:53.558] [info] Frame 329 (t = 3.29):	 total squared error = 5.80672e-05, marker error: RMS = 0.00254006, max = 0.00431559 (US)
[2024-05-21 11:31:53.558] [info] Frame 330 (t = 3.3):	 total squared error = 5.83871e-05, marker error: RMS = 0.00254705, max = 0.00433932 (US)
[2024-05-21 11:31:53.559] [info] Frame 331 (t = 3.31):	 total squared error = 5.8614e-05, marker error: RMS = 0.00255199, max = 0.00438440 (US)
[2024-05-21 11:31:53.559] [info] Frame 332 (t = 3.32):	 total squared error = 5.8948e-05, marker error: RMS = 0.00255925, max = 0.00439004 (US)
[2024-05-21 11:31:53.559] [info] Frame 333 (t = 3.33):	 total squared error = 5.93107e-05, marker error: RMS = 0.00256711, max = 0.00440802 (US)
[2024-05-21 11:31:53.559] [info] Frame 334 (t = 3.34):	 total squared error = 5.96387e-05, marker error: RMS = 0.00257420, max = 0.00441672 (US)
[2024-05-21 11:31:53.560] [info] Frame 335 (t = 3.35):	 total squared error = 5.98481e-05, marker error: RMS = 0.00257872, max = 0.00446242 (US)
[2024-05-21 11:31:53.560] [info] Frame 336 (t = 3.36):	 total squared error = 6.00778e-05, marker error: RMS = 0.00258366, max = 0.00443827 (US)
[2024-05-21 11:31:53.560] [info] Frame 337 (t = 3.37):	 total squared error = 6.03327e-05, marker error: RMS = 0.00258914, max = 0.00443967 (US)
[2024-05-21 11:31:53.561] [info] Frame 338 (t = 3.38):	 total squared error = 6.05564e-05, marker error: RMS = 0.00259393, max = 0.00443467 (US)
[2024-05-21 11:31:53.561] [info] Frame 339 (t = 3.39):	 total squared error = 6.07206e-05, marker error: RMS = 0.00259745, max = 0.00442269 (US)
[2024-05-21 11:31:53.561] [info] Frame 340 (t = 3.4):	 total squared error = 6.09095e-05, marker error: RMS = 0.00260149, max = 0.00441551 (US)
[2024-05-21 11:31:53.561] [info] Frame 341 (t = 3.41):	 total squared error = 6.10070e-05, marker error: RMS = 0.00260357, max = 0.00439907 (US)
[2024-05-21 11:31:53.562] [info] Frame 342 (t = 3.42):	 total squared error = 6.11287e-05, marker error: RMS = 0.00260616, max = 0.00438607 (US)
[2024-05-21 11:31:53.562] [info] Frame 343 (t = 3.43):	 total squared error = 6.12157e-05, marker error: RMS = 0.00260801, max = 0.00437231 (US)
[2024-05-21 11:31:53.562] [info] Frame 344 (t = 3.44):	 total squared error = 6.12628e-05, marker error: RMS = 0.00260902, max = 0.00435586 (US)
[2024-05-21 11:31:53.562] [info] Frame 345 (t = 3.45):	 total squared error = 6.1342e-05, marker error: RMS = 0.00261071, max = 0.00434815 (US)
[2024-05-21 11:31:53.563] [info] Frame 346 (t = 3.46):	 total squared error = 6.13624e-05, marker error: RMS = 0.00261114, max = 0.00433725 (US)
[2024-05-21 11:31:53.563] [info] Frame 347 (t = 3.47):	 total squared error = 6.06232e-05, marker error: RMS = 0.00259536, max = 0.00441737 (US)
[2024-05-21 11:31:53.563] [info] Frame 348 (t = 3.48):	 total squared error = 6.05735e-05, marker error: RMS = 0.00259430, max = 0.00441085 (US)
[2024-05-21 11:31:53.564] [info] Frame 349 (t = 3.49):	 total squared error = 6.04855e-05, marker error: RMS = 0.00259241, max = 0.00440927 (US)
[2024-05-21 11:31:53.564] [info] Frame 350 (t = 3.5):	 total squared error = 6.04088e-05, marker error: RMS = 0.00259077, max = 0.00441705 (US)
[2024-05-21 11:31:53.564] [info] Frame 351 (t = 3.51):	 total squared error = 6.02886e-05, marker error: RMS = 0.00258819, max = 0.00442197 (US)
[2024-05-21 11:31:53.564] [info] Frame 352 (t = 3.52):	 total squared error = 6.01722e-05, marker error: RMS = 0.00258569, max = 0.00443255 (US)
[2024-05-21 11:31:53.565] [info] Frame 353 (t = 3.53):	 total squared error = 6.00469e-05, marker error: RMS = 0.00258300, max = 0.00444279 (US)
[2024-05-21 11:31:53.565] [info] Frame 354 (t = 3.54):	 total squared error = 5.99266e-05, marker error: RMS = 0.00258041, max = 0.00444786 (US)
[2024-05-21 11:31:53.565] [info] Frame 355 (t = 3.55):	 total squared error = 5.98497e-05, marker error: RMS = 0.00257875, max = 0.00444803 (US)
[2024-05-21 11:31:53.565] [info] Frame 356 (t = 3.56):	 total squared error = 5.98359e-05, marker error: RMS = 0.00257845, max = 0.00444008 (US)
[2024-05-21 11:31:53.566] [info] Frame 357 (t = 3.57):	 total squared error = 5.94079e-05, marker error: RMS = 0.00256922, max = 0.00441112 (US)
[2024-05-21 11:31:53.566] [info] Frame 358 (t = 3.58):	 total squared error = 5.93989e-05, marker error: RMS = 0.00256902, max = 0.00439030 (US)
[2024-05-21 11:31:53.566] [info] Frame 359 (t = 3.59):	 total squared error = 5.96135e-05, marker error: RMS = 0.00257366, max = 0.00436437 (US)
[2024-05-21 11:31:53.567] [info] Frame 360 (t = 3.6):	 total squared error = 5.98733e-05, marker error: RMS = 0.00257926, max = 0.00424634 (US)
[2024-05-21 11:31:53.567] [info] Frame 361 (t = 3.61):	 total squared error = 6.0373e-05, marker error: RMS = 0.00259000, max = 0.00430949 (US)
[2024-05-21 11:31:53.568] [info] Frame 362 (t = 3.62):	 total squared error = 5.92509e-05, marker error: RMS = 0.00256582, max = 0.00438920 (US)
[2024-05-21 11:31:53.568] [info] Frame 363 (t = 3.63):	 total squared error = 5.95312e-05, marker error: RMS = 0.00257188, max = 0.00434811 (US)
[2024-05-21 11:31:53.569] [info] Frame 364 (t = 3.64):	 total squared error = 5.88488e-05, marker error: RMS = 0.00255710, max = 0.00438547 (US)
[2024-05-21 11:31:53.569] [info] Frame 365 (t = 3.65):	 total squared error = 5.89508e-05, marker error: RMS = 0.00255931, max = 0.00435418 (US)
[2024-05-21 11:31:53.569] [info] Frame 366 (t = 3.66):	 total squared error = 5.93779e-05, marker error: RMS = 0.00256857, max = 0.00432426 (US)
[2024-05-21 11:31:53.570] [info] Frame 367 (t = 3.67):	 total squared error = 5.87962e-05, marker error: RMS = 0.00255596, max = 0.00435027 (US)
[2024-05-21 11:31:53.570] [info] Frame 368 (t = 3.68):	 total squared error = 5.89102e-05, marker error: RMS = 0.00255843, max = 0.00434366 (US)
[2024-05-21 11:31:53.570] [info] Frame 369 (t = 3.69):	 total squared error = 5.90812e-05, marker error: RMS = 0.00256214, max = 0.00436082 (US)
[2024-05-21 11:31:53.571] [info] Frame 370 (t = 3.7):	 total squared error = 5.83598e-05, marker error: RMS = 0.00254645, max = 0.00431824 (US)
[2024-05-21 11:31:53.571] [info] Frame 371 (t = 3.71):	 total squared error = 5.82756e-05, marker error: RMS = 0.00254461, max = 0.00436130 (US)
[2024-05-21 11:31:53.572] [info] Frame 372 (t = 3.72):	 total squared error = 5.83092e-05, marker error: RMS = 0.00254535, max = 0.00440089 (US)
[2024-05-21 11:31:53.572] [info] Frame 373 (t = 3.73):	 total squared error = 5.8649e-05, marker error: RMS = 0.00255276, max = 0.00444607 (US)
[2024-05-21 11:31:53.573] [info] Frame 374 (t = 3.74):	 total squared error = 5.75656e-05, marker error: RMS = 0.00252907, max = 0.00428843 (US)
[2024-05-21 11:31:53.573] [info] Frame 375 (t = 3.75):	 total squared error = 5.75538e-05, marker error: RMS = 0.00252881, max = 0.00437703 (US)
[2024-05-21 11:31:53.573] [info] Frame 376 (t = 3.76):	 total squared error = 5.65874e-05, marker error: RMS = 0.00250749, max = 0.00425591 (US)
[2024-05-21 11:31:53.574] [info] Frame 377 (t = 3.77):	 total squared error = 5.64991e-05, marker error: RMS = 0.00250553, max = 0.00433240 (US)
[2024-05-21 11:31:53.574] [info] Frame 378 (t = 3.78):	 total squared error = 5.56928e-05, marker error: RMS = 0.00248759, max = 0.00424436 (US)
[2024-05-21 11:31:53.575] [info] Frame 379 (t = 3.79):	 total squared error = 5.49059e-05, marker error: RMS = 0.00246995, max = 0.00421385 (US)
[2024-05-21 11:31:53.575] [info] Frame 380 (t = 3.8):	 total squared error = 5.44928e-05, marker error: RMS = 0.00246064, max = 0.00425166 (US)
[2024-05-21 11:31:53.576] [info] Frame 381 (t = 3.81):	 total squared error = 5.41177e-05, marker error: RMS = 0.00245216, max = 0.00420174 (US)
[2024-05-21 11:31:53.576] [info] Frame 382 (t = 3.82):	 total squared error = 5.37878e-05, marker error: RMS = 0.00244467, max = 0.00417848 (US)
[2024-05-21 11:31:53.577] [info] Frame 383 (t = 3.83):	 total squared error = 5.36366e-05, marker error: RMS = 0.00244123, max = 0.00418228 (US)
[2024-05-21 11:31:53.577] [info] Frame 384 (t = 3.84):	 total squared error = 5.35731e-05, marker error: RMS = 0.00243979, max = 0.00417677 (US)
[2024-05-21 11:31:53.578] [info] Frame 385 (t = 3.85):	 total squared error = 5.36195e-05, marker error: RMS = 0.00244084, max = 0.00415931 (US)
[2024-05-21 11:31:53.579] [info] Frame 386 (t = 3.86):	 total squared error = 5.38199e-05, marker error: RMS = 0.00244540, max = 0.00416620 (US)
[2024-05-21 11:31:53.579] [info] Frame 387 (t = 3.87):	 total squared error = 5.41297e-05, marker error: RMS = 0.00245243, max = 0.00417775 (US)
[2024-05-21 11:31:53.579] [info] Frame 388 (t = 3.88):	 total squared error = 5.4463e-05, marker error: RMS = 0.00245997, max = 0.00416785 (US)
[2024-05-21 11:31:53.580] [info] Frame 389 (t = 3.89):	 total squared error = 5.49975e-05, marker error: RMS = 0.00247201, max = 0.00417875 (US)
[2024-05-21 11:31:53.581] [info] Frame 390 (t = 3.9):	 total squared error = 5.5488e-05, marker error: RMS = 0.00248301, max = 0.00417732 (US)
[2024-05-21 11:31:53.581] [info] Frame 391 (t = 3.91):	 total squared error = 5.61766e-05, marker error: RMS = 0.00249837, max = 0.00410442 (US)
[2024-05-21 11:31:53.582] [info] Frame 392 (t = 3.92):	 total squared error = 5.67004e-05, marker error: RMS = 0.00250999, max = 0.00418869 (US)
[2024-05-21 11:31:53.582] [info] Frame 393 (t = 3.93):	 total squared error = 5.71054e-05, marker error: RMS = 0.00251894, max = 0.00418242 (US)
[2024-05-21 11:31:53.582] [info] Frame 394 (t = 3.94):	 total squared error = 5.89097e-05, marker error: RMS = 0.00255842, max = 0.00410758 (US)
[2024-05-21 11:31:53.583] [info] Frame 395 (t = 3.95):	 total squared error = 5.80239e-05, marker error: RMS = 0.00253911, max = 0.00418029 (US)
[2024-05-21 11:31:53.583] [info] Frame 396 (t = 3.96):	 total squared error = 5.96412e-05, marker error: RMS = 0.00257426, max = 0.00412993 (US)
[2024-05-21 11:31:53.584] [info] Frame 397 (t = 3.97):	 total squared error = 5.9527e-05, marker error: RMS = 0.00257179, max = 0.00417362 (US)
[2024-05-21 11:31:53.584] [info] Frame 398 (t = 3.98):	 total squared error = 5.90559e-05, marker error: RMS = 0.00256160, max = 0.00418886 (US)
[2024-05-21 11:31:53.585] [info] Frame 399 (t = 3.99):	 total squared error = 6.02223e-05, marker error: RMS = 0.00258677, max = 0.00416992 (US)
[2024-05-21 11:31:53.585] [info] Frame 400 (t = 4.0):	 total squared error = 5.91125e-05, marker error: RMS = 0.00256282, max = 0.00417667 (US)
[2024-05-21 11:31:53.586] [info] Frame 401 (t = 4.01):	 total squared error = 6.03515e-05, marker error: RMS = 0.00258954, max = 0.00419883 (EL)
[2024-05-21 11:31:53.586] [info] Frame 402 (t = 4.02):	 total squared error = 5.90737e-05, marker error: RMS = 0.00256198, max = 0.00417084 (US)
[2024-05-21 11:31:53.587] [info] Frame 403 (t = 4.03):	 total squared error = 6.03863e-05, marker error: RMS = 0.00259029, max = 0.00426289 (EL)
[2024-05-21 11:31:53.587] [info] Frame 404 (t = 4.04):	 total squared error = 5.89882e-05, marker error: RMS = 0.00256012, max = 0.00419621 (EL)
[2024-05-21 11:31:53.588] [info] Frame 405 (t = 4.05):	 total squared error = 5.92187e-05, marker error: RMS = 0.00256512, max = 0.00418387 (EL)
[2024-05-21 11:31:53.589] [info] Frame 406 (t = 4.06):	 total squared error = 5.92897e-05, marker error: RMS = 0.00256666, max = 0.00421592 (EL)
[2024-05-21 11:31:53.589] [info] Frame 407 (t = 4.07):	 total squared error = 5.9457e-05, marker error: RMS = 0.00257028, max = 0.00426754 (EL)
[2024-05-21 11:31:53.590] [info] Frame 408 (t = 4.08):	 total squared error = 5.97162e-05, marker error: RMS = 0.00257588, max = 0.00431910 (EL)
[2024-05-21 11:31:53.590] [info] Frame 409 (t = 4.09):	 total squared error = 6.00944e-05, marker error: RMS = 0.00258402, max = 0.00438198 (EL)
[2024-05-21 11:31:53.591] [info] Frame 410 (t = 4.1):	 total squared error = 6.19588e-05, marker error: RMS = 0.00262380, max = 0.00467378 (EL)
[2024-05-21 11:31:53.592] [info] Frame 411 (t = 4.11):	 total squared error = 6.11029e-05, marker error: RMS = 0.00260561, max = 0.00458893 (EL)
[2024-05-21 11:31:53.592] [info] Frame 412 (t = 4.12):	 total squared error = 6.3118e-05, marker error: RMS = 0.00264823, max = 0.00489315 (EL)
[2024-05-21 11:31:53.593] [info] Frame 413 (t = 4.13):	 total squared error = 6.26847e-05, marker error: RMS = 0.00263912, max = 0.00469682 (EL)
[2024-05-21 11:31:53.593] [info] Frame 414 (t = 4.14):	 total squared error = 6.47164e-05, marker error: RMS = 0.00268155, max = 0.00502108 (EL)
[2024-05-21 11:31:53.594] [info] Frame 415 (t = 4.15):	 total squared error = 6.46282e-05, marker error: RMS = 0.00267972, max = 0.00479669 (EL)
[2024-05-21 11:31:53.594] [info] Frame 416 (t = 4.16):	 total squared error = 6.6627e-05, marker error: RMS = 0.00272084, max = 0.00512733 (EL)
[2024-05-21 11:31:53.595] [info] Frame 417 (t = 4.17):	 total squared error = 6.77788e-05, marker error: RMS = 0.00274426, max = 0.00504037 (EL)
[2024-05-21 11:31:53.596] [info] Frame 418 (t = 4.18):	 total squared error = 6.85851e-05, marker error: RMS = 0.00276054, max = 0.00514448 (EL)
[2024-05-21 11:31:53.597] [info] Frame 419 (t = 4.19):	 total squared error = 6.93064e-05, marker error: RMS = 0.00277502, max = 0.00496693 (EL)
[2024-05-21 11:31:53.598] [info] Frame 420 (t = 4.2):	 total squared error = 7.10727e-05, marker error: RMS = 0.00281016, max = 0.00520326 (EL)
[2024-05-21 11:31:53.598] [info] Frame 421 (t = 4.21):	 total squared error = 7.24839e-05, marker error: RMS = 0.00283792, max = 0.00521001 (EL)
[2024-05-21 11:31:53.599] [info] Frame 422 (t = 4.22):	 total squared error = 7.41086e-05, marker error: RMS = 0.00286955, max = 0.00534957 (EL)
[2024-05-21 11:31:53.599] [info] Frame 423 (t = 4.23):	 total squared error = 7.57875e-05, marker error: RMS = 0.00290187, max = 0.00532145 (EL)
[2024-05-21 11:31:53.600] [info] Frame 424 (t = 4.24):	 total squared error = 7.77947e-05, marker error: RMS = 0.00294004, max = 0.00552915 (EL)
[2024-05-21 11:31:53.601] [info] Frame 425 (t = 4.25):	 total squared error = 7.95817e-05, marker error: RMS = 0.00297362, max = 0.00547203 (EL)
[2024-05-21 11:31:53.601] [info] Frame 426 (t = 4.26):	 total squared error = 8.19069e-05, marker error: RMS = 0.00301675, max = 0.00565329 (EL)
[2024-05-21 11:31:53.602] [info] Frame 427 (t = 4.27):	 total squared error = 8.40661e-05, marker error: RMS = 0.00305625, max = 0.00559147 (EL)
[2024-05-21 11:31:53.602] [info] Frame 428 (t = 4.28):	 total squared error = 8.68015e-05, marker error: RMS = 0.00310558, max = 0.00575368 (EL)
[2024-05-21 11:31:53.603] [info] Frame 429 (t = 4.29):	 total squared error = 8.94781e-05, marker error: RMS = 0.00315310, max = 0.00571977 (EL)
[2024-05-21 11:31:53.604] [info] Frame 430 (t = 4.3):	 total squared error = 9.26927e-05, marker error: RMS = 0.00320923, max = 0.00585804 (EL)
[2024-05-21 11:31:53.604] [info] Frame 431 (t = 4.31):	 total squared error = 9.5883e-05, marker error: RMS = 0.00326400, max = 0.00583139 (EL)
[2024-05-21 11:31:53.605] [info] Frame 432 (t = 4.32):	 total squared error = 0.000100134, marker error: RMS = 0.00333556, max = 0.00594275 (EL)
[2024-05-21 11:31:53.605] [info] Frame 433 (t = 4.33):	 total squared error = 0.000104131, marker error: RMS = 0.00340149, max = 0.00609623 (EL)
[2024-05-21 11:31:53.606] [info] Frame 434 (t = 4.34):	 total squared error = 0.000107356, marker error: RMS = 0.00345377, max = 0.00588884 (EL)
[2024-05-21 11:31:53.607] [info] Frame 435 (t = 4.35):	 total squared error = 0.000111570, marker error: RMS = 0.00352089, max = 0.00601017 (EL)
[2024-05-21 11:31:53.609] [info] Frame 436 (t = 4.36):	 total squared error = 0.000102490, marker error: RMS = 0.00337458, max = 0.00648246 (EL)
[2024-05-21 11:31:53.609] [info] Frame 437 (t = 4.37):	 total squared error = 0.000104361, marker error: RMS = 0.00340524, max = 0.00651540 (EL)
[2024-05-21 11:31:53.610] [info] Frame 438 (t = 4.38):	 total squared error = 0.000105563, marker error: RMS = 0.00342479, max = 0.00648031 (EL)
[2024-05-21 11:31:53.611] [info] Frame 439 (t = 4.39):	 total squared error = 0.000107703, marker error: RMS = 0.00345934, max = 0.00642587 (EL)
[2024-05-21 11:31:53.612] [info] Frame 440 (t = 4.4):	 total squared error = 0.000108293, marker error: RMS = 0.00346880, max = 0.00635857 (EL)
[2024-05-21 11:31:53.612] [info] Frame 441 (t = 4.41):	 total squared error = 0.000110193, marker error: RMS = 0.00349910, max = 0.00620016 (EL)
[2024-05-21 11:31:53.613] [info] Frame 442 (t = 4.42):	 total squared error = 0.000111564, marker error: RMS = 0.00352079, max = 0.00630093 (EL)
[2024-05-21 11:31:53.614] [info] Frame 443 (t = 4.43):	 total squared error = 0.000114560, marker error: RMS = 0.00356776, max = 0.00599003 (EL)
[2024-05-21 11:31:53.616] [info] Frame 444 (t = 4.44):	 total squared error = 0.000100868, marker error: RMS = 0.00334777, max = 0.00642935 (EL)
[2024-05-21 11:31:53.616] [info] Frame 445 (t = 4.45):	 total squared error = 0.000100362, marker error: RMS = 0.00333936, max = 0.00604821 (EL)
[2024-05-21 11:31:53.617] [info] Frame 446 (t = 4.46):	 total squared error = 9.73458e-05, marker error: RMS = 0.00328880, max = 0.00616347 (EL)
[2024-05-21 11:31:53.618] [info] Frame 447 (t = 4.47):	 total squared error = 9.60132e-05, marker error: RMS = 0.00326621, max = 0.00599437 (EL)
[2024-05-21 11:31:53.619] [info] Frame 448 (t = 4.48):	 total squared error = 9.41413e-05, marker error: RMS = 0.00323422, max = 0.00583406 (EL)
[2024-05-21 11:31:53.619] [info] Frame 449 (t = 4.49):	 total squared error = 9.42426e-05, marker error: RMS = 0.00323595, max = 0.00535110 (EL)
[2024-05-21 11:31:53.621] [info] Frame 450 (t = 4.5):	 total squared error = 8.60078e-05, marker error: RMS = 0.00309135, max = 0.00573050 (EL)
[2024-05-21 11:31:53.622] [info] Frame 451 (t = 4.51):	 total squared error = 8.49313e-05, marker error: RMS = 0.00307194, max = 0.00524162 (EL)
[2024-05-21 11:31:53.623] [info] Frame 452 (t = 4.52):	 total squared error = 8.24984e-05, marker error: RMS = 0.00302762, max = 0.00539593 (EL)
[2024-05-21 11:31:53.623] [info] Frame 453 (t = 4.53):	 total squared error = 8.00135e-05, marker error: RMS = 0.00298168, max = 0.00517741 (EL)
[2024-05-21 11:31:53.624] [info] Frame 454 (t = 4.54):	 total squared error = 7.88937e-05, marker error: RMS = 0.00296074, max = 0.00501607 (EL)
[2024-05-21 11:31:53.625] [info] Frame 455 (t = 4.55):	 total squared error = 7.75778e-05, marker error: RMS = 0.00293594, max = 0.00494620 (EL)
[2024-05-21 11:31:53.625] [info] Frame 456 (t = 4.56):	 total squared error = 7.75617e-05, marker error: RMS = 0.00293564, max = 0.00473828 (US)
[2024-05-21 11:31:53.626] [info] Frame 457 (t = 4.57):	 total squared error = 7.59564e-05, marker error: RMS = 0.00290510, max = 0.00477790 (US)
[2024-05-21 11:31:53.627] [info] Frame 458 (t = 4.58):	 total squared error = 7.56844e-05, marker error: RMS = 0.00289989, max = 0.00477349 (US)
[2024-05-21 11:31:53.627] [info] Frame 459 (t = 4.59):	 total squared error = 7.51838e-05, marker error: RMS = 0.00289029, max = 0.00480270 (US)
[2024-05-21 11:31:53.628] [info] Frame 460 (t = 4.6):	 total squared error = 7.54415e-05, marker error: RMS = 0.00289524, max = 0.00483889 (US)
[2024-05-21 11:31:53.629] [info] Frame 461 (t = 4.61):	 total squared error = 7.53354e-05, marker error: RMS = 0.00289320, max = 0.00487788 (US)
[2024-05-21 11:31:53.630] [info] Frame 462 (t = 4.62):	 total squared error = 7.51267e-05, marker error: RMS = 0.00288919, max = 0.00494662 (US)
[2024-05-21 11:31:53.630] [info] Frame 463 (t = 4.63):	 total squared error = 7.51165e-05, marker error: RMS = 0.00288899, max = 0.00492359 (US)
[2024-05-21 11:31:53.631] [info] Frame 464 (t = 4.64):	 total squared error = 7.47333e-05, marker error: RMS = 0.00288161, max = 0.00499763 (US)
[2024-05-21 11:31:53.632] [info] Frame 465 (t = 4.65):	 total squared error = 7.45223e-05, marker error: RMS = 0.00287754, max = 0.00497484 (US)
[2024-05-21 11:31:53.632] [info] Frame 466 (t = 4.66):	 total squared error = 7.4161e-05, marker error: RMS = 0.00287056, max = 0.00504005 (US)
[2024-05-21 11:31:53.635] [info] Frame 467 (t = 4.67):	 total squared error = 6.20612e-05, marker error: RMS = 0.00262596, max = 0.00474006 (EL)
[2024-05-21 11:31:53.635] [info] Frame 468 (t = 4.68):	 total squared error = 6.14959e-05, marker error: RMS = 0.00261398, max = 0.00464260 (EL)
[2024-05-21 11:31:53.636] [info] Frame 469 (t = 4.69):	 total squared error = 6.07932e-05, marker error: RMS = 0.00259900, max = 0.00455041 (EL)
[2024-05-21 11:31:53.636] [info] Frame 470 (t = 4.7):	 total squared error = 6.03706e-05, marker error: RMS = 0.00258995, max = 0.00451496 (EL)
[2024-05-21 11:31:53.637] [info] Frame 471 (t = 4.71):	 total squared error = 5.95557e-05, marker error: RMS = 0.00257241, max = 0.00446552 (EL)
[2024-05-21 11:31:53.637] [info] Frame 472 (t = 4.72):	 total squared error = 5.90143e-05, marker error: RMS = 0.00256069, max = 0.00448291 (EL)
[2024-05-21 11:31:53.638] [info] Frame 473 (t = 4.73):	 total squared error = 5.83008e-05, marker error: RMS = 0.00254516, max = 0.00447526 (EL)
[2024-05-21 11:31:53.638] [info] Frame 474 (t = 4.74):	 total squared error = 5.78771e-05, marker error: RMS = 0.00253590, max = 0.00445954 (EL)
[2024-05-21 11:31:53.639] [info] Frame 475 (t = 4.75):	 total squared error = 5.73475e-05, marker error: RMS = 0.00252427, max = 0.00448981 (EL)
[2024-05-21 11:31:53.639] [info] Frame 476 (t = 4.76):	 total squared error = 5.70204e-05, marker error: RMS = 0.00251706, max = 0.00440294 (EL)
[2024-05-21 11:31:53.640] [info] Frame 477 (t = 4.77):	 total squared error = 5.69009e-05, marker error: RMS = 0.00251442, max = 0.00438994 (EL)
[2024-05-21 11:31:53.640] [info] Frame 478 (t = 4.78):	 total squared error = 5.63156e-05, marker error: RMS = 0.00250146, max = 0.00427804 (EL)
[2024-05-21 11:31:53.641] [info] Frame 479 (t = 4.79):	 total squared error = 5.61113e-05, marker error: RMS = 0.00249692, max = 0.00432385 (EL)
[2024-05-21 11:31:53.642] [info] Frame 480 (t = 4.8):	 total squared error = 5.60916e-05, marker error: RMS = 0.00249648, max = 0.00432117 (EL)
[2024-05-21 11:31:53.642] [info] Frame 481 (t = 4.81):	 total squared error = 5.61904e-05, marker error: RMS = 0.00249867, max = 0.00430531 (EL)
[2024-05-21 11:31:53.643] [info] Frame 482 (t = 4.82):	 total squared error = 5.64591e-05, marker error: RMS = 0.00250464, max = 0.00426752 (EL)
[2024-05-21 11:31:53.643] [info] Frame 483 (t = 4.83):	 total squared error = 5.66221e-05, marker error: RMS = 0.00250825, max = 0.00426986 (EL)
[2024-05-21 11:31:53.644] [info] Frame 484 (t = 4.84):	 total squared error = 5.63282e-05, marker error: RMS = 0.00250174, max = 0.00421976 (EL)
[2024-05-21 11:31:53.645] [info] Frame 485 (t = 4.85):	 total squared error = 5.66742e-05, marker error: RMS = 0.00250941, max = 0.00419695 (EL)
[2024-05-21 11:31:53.645] [info] Frame 486 (t = 4.86):	 total squared error = 5.70180e-05, marker error: RMS = 0.00251701, max = 0.00422064 (EL)
[2024-05-21 11:31:53.645] [info] Frame 487 (t = 4.87):	 total squared error = 5.74961e-05, marker error: RMS = 0.00252754, max = 0.00422376 (EL)
[2024-05-21 11:31:53.646] [info] Frame 488 (t = 4.88):	 total squared error = 5.80241e-05, marker error: RMS = 0.00253912, max = 0.00422048 (EL)
[2024-05-21 11:31:53.646] [info] Frame 489 (t = 4.89):	 total squared error = 5.84981e-05, marker error: RMS = 0.00254947, max = 0.00424127 (EL)
[2024-05-21 11:31:53.647] [info] Frame 490 (t = 4.9):	 total squared error = 5.90403e-05, marker error: RMS = 0.00256126, max = 0.00425224 (EL)
[2024-05-21 11:31:53.647] [info] Frame 491 (t = 4.91):	 total squared error = 5.9642e-05, marker error: RMS = 0.00257428, max = 0.00425961 (EL)
[2024-05-21 11:31:53.647] [info] Frame 492 (t = 4.92):	 total squared error = 6.00844e-05, marker error: RMS = 0.00258380, max = 0.00425981 (EL)
[2024-05-21 11:31:53.648] [info] Frame 493 (t = 4.93):	 total squared error = 6.0628e-05, marker error: RMS = 0.00259547, max = 0.00426981 (EL)
[2024-05-21 11:31:53.648] [info] Frame 494 (t = 4.94):	 total squared error = 6.10704e-05, marker error: RMS = 0.00260492, max = 0.00426337 (EL)
[2024-05-21 11:31:53.648] [info] Frame 495 (t = 4.95):	 total squared error = 6.1566e-05, marker error: RMS = 0.00261547, max = 0.00425430 (EL)
[2024-05-21 11:31:53.649] [info] Frame 496 (t = 4.96):	 total squared error = 6.19449e-05, marker error: RMS = 0.00262350, max = 0.00425460 (EL)
[2024-05-21 11:31:53.649] [info] Frame 497 (t = 4.97):	 total squared error = 6.23693e-05, marker error: RMS = 0.00263247, max = 0.00421384 (EL)
[2024-05-21 11:31:53.650] [info] Frame 498 (t = 4.98):	 total squared error = 6.20073e-05, marker error: RMS = 0.00262482, max = 0.00426773 (EL)
[2024-05-21 11:31:53.650] [info] Frame 499 (t = 4.99):	 total squared error = 6.22574e-05, marker error: RMS = 0.00263011, max = 0.00426739 (EL)
[2024-05-21 11:31:53.650] [info] Frame 500 (t = 5.0):	 total squared error = 6.23894e-05, marker error: RMS = 0.00263290, max = 0.00420380 (EL)
[2024-05-21 11:31:53.661] [info] InverseKinematicsTool completed 501 frames in 241 millisecond(s).
[2024-05-21 12:27:40.579] [info] Loaded model Right-scaled from file C:/Users/r03mm22/Documents/Protocol_Testing/2024 Data Collection/P1/OMC/das3_scaled_and_placed.osim
[2024-05-21 12:27:40.580] [warning] Couldn't find file 'ground_ribs.vtp'.
[2024-05-21 12:27:40.580] [warning] Couldn't find file 'ground_spine.vtp'.
[2024-05-21 12:27:40.580] [warning] Couldn't find file 'ground_skull.vtp'.
[2024-05-21 12:27:40.580] [warning] Couldn't find file 'ground_jaw.vtp'.
[2024-05-21 12:27:40.581] [warning] Couldn't find file 'rclavicle.vtp'.
[2024-05-21 12:27:40.581] [warning] Couldn't find file 'rscapula.vtp'.
[2024-05-21 12:27:40.581] [warning] Couldn't find file 'rhumerus.vtp'.
[2024-05-21 12:27:40.581] [warning] Couldn't find file 'rulna.vtp'.
[2024-05-21 12:27:40.581] [warning] Couldn't find file 'rradius.vtp'.
[2024-05-21 12:27:40.581] [warning] Couldn't find file 'r_hand.vtp'.
[2024-05-21 12:27:40.584] [info] AbstractTool analyze loading model C:\Users\r03mm22\Documents\Protocol_Testing\OMC_Repo\das3.osim
[2024-05-21 12:27:40.632] [info] Loaded model DAS3 from file C:\Users\r03mm22\Documents\Protocol_Testing\OMC_Repo\das3.osim
[2024-05-21 12:27:40.730] [info] No external loads will be applied (external loads file not specified).
[2024-05-21 12:27:40.744] [info] Loading coordinates from file 'C:/Users/r03mm22/Documents/Protocol_Testing/2024 Data Collection/P1/OMC/CP_IK_Results/OMC_IK_results.mot'.
[2024-05-21 12:27:40.745] [info] Storage: read data file = C:/Users/r03mm22/Documents/Protocol_Testing/2024 Data Collection/P1/OMC/CP_IK_Results/OMC_IK_results.mot (nr=3161 nc=18)
[2024-05-21 12:27:41.520] [info] Found 3161 state vectors with time stamps ranging from 0.0 to 31.6.
[2024-05-21 12:27:41.520] [info] Executing the analyses from 0.0 to 31.6...
[2024-05-21 12:27:46.446] [info] Printing results of investigation analyze to C:/Users/r03mm22/Documents/Protocol_Testing/2024 Data Collection/P1/OMC/CP_IK_Results/Test results
[2024-05-21 12:32:59.746] [info] Loaded model Right-scaled from file C:/Users/r03mm22/Documents/Protocol_Testing/2024 Data Collection/P1/OMC/das3_scaled_and_placed.osim
[2024-05-21 12:32:59.747] [warning] Couldn't find file 'ground_ribs.vtp'.
[2024-05-21 12:32:59.747] [warning] Couldn't find file 'ground_spine.vtp'.
[2024-05-21 12:32:59.747] [warning] Couldn't find file 'ground_skull.vtp'.
[2024-05-21 12:32:59.747] [warning] Couldn't find file 'ground_jaw.vtp'.
[2024-05-21 12:32:59.747] [warning] Couldn't find file 'rclavicle.vtp'.
[2024-05-21 12:32:59.747] [warning] Couldn't find file 'rscapula.vtp'.
[2024-05-21 12:32:59.747] [warning] Couldn't find file 'rhumerus.vtp'.
[2024-05-21 12:32:59.747] [warning] Couldn't find file 'rulna.vtp'.
[2024-05-21 12:32:59.747] [warning] Couldn't find file 'rradius.vtp'.
[2024-05-21 12:32:59.747] [warning] Couldn't find file 'r_hand.vtp'.
[2024-05-21 12:32:59.750] [info] AbstractTool analyze loading model C:\Users\r03mm22\Documents\Protocol_Testing\OMC_Repo\das3.osim
[2024-05-21 12:32:59.790] [info] Loaded model DAS3 from file C:\Users\r03mm22\Documents\Protocol_Testing\OMC_Repo\das3.osim
[2024-05-21 12:32:59.797] [info] No external loads will be applied (external loads file not specified).
[2024-05-21 12:32:59.813] [info] Loading coordinates from file 'C:/Users/r03mm22/Documents/Protocol_Testing/2024 Data Collection/P1/OMC/CP_IK_Results/OMC_IK_results.mot'.
[2024-05-21 12:32:59.814] [info] Storage: read data file = C:/Users/r03mm22/Documents/Protocol_Testing/2024 Data Collection/P1/OMC/CP_IK_Results/OMC_IK_results.mot (nr=3161 nc=18)
[2024-05-21 12:33:00.616] [info] Found 3161 state vectors with time stamps ranging from 0.0 to 31.6.
[2024-05-21 12:33:00.616] [info] Executing the analyses from 0.0 to 31.6...
[2024-05-21 12:33:05.303] [info] Printing results of investigation analyze to C:/Users/r03mm22/Documents/Protocol_Testing/2024 Data Collection/P1/OMC/CP_IK_Results/Test results/With scaled and placed
